        -:    0:Source:C:/Users/maria/Desktop/Taller/Algoritmos I/TPImplementacion/tests/EJ01_toroideValidoTEST.cpp
        -:    0:Graph:C:\Users\maria\Desktop\Taller\Algoritmos I\TPImplementacion\cmake-build-debug\CMakeFiles\juegoDeLaVida.dir\tests\EJ01_toroideValidoTEST.gcno
        -:    0:Data:C:\Users\maria\Desktop\Taller\Algoritmos I\TPImplementacion\cmake-build-debug\CMakeFiles\juegoDeLaVida.dir\tests\EJ01_toroideValidoTEST.gcda
        -:    0:Runs:1
        -:    0:Programs:1
        -:    1:#include "../ejercicios.h"
        -:    2:#include "gtest/gtest.h"
        -:    3:
        -:    4:using namespace std;
        -:    5:
        8:    6:TEST(toroideValidoTEST, toroideVacio){
        1:    6-block  0
        1:    6-block  1
        1:    6-block  2
    %%%%%:    6-block  3
    %%%%%:    6-block  4
    %%%%%:    6-block  5
        1:    6-block  6
        1:    6-block  7
        1:    6-block  8
        1:    6-block  9
        1:    6-block 10
        1:    6-block 11
        1:    6-block 12
        3:    7:    toroide t = { vector<bool> () };
        1:    7-block  0
        1:    7-block  1
        2:    7-block  2
        1:    7-block  3
    %%%%%:    7-block  4
    %%%%%:    7-block  5
    %%%%%:    7-block  6
    %%%%%:    7-block  7
    %%%%%:    7-block  8
        1:    8:    EXPECT_FALSE(toroideValido(t));
        1:    8-block  0
        1:    8-block  1
        1:    8-block  2
    $$$$$:    8-block  3
    $$$$$:    8-block  4
    $$$$$:    8-block  5
    $$$$$:    8-block  6
    $$$$$:    8-block  7
        1:    8-block  8
    %%%%%:    8-block  9
    %%%%%:    8-block 10
    %%%%%:    8-block 11
    %%%%%:    8-block 12
    %%%%%:    8-block 13
    %%%%%:    8-block 14
        1:    9:}
    %%%%%:    9-block  0
        -:   10:
        8:   11:TEST(toroideValidoTEST, toroideVacio5Filas){
        1:   11-block  0
        1:   11-block  1
        1:   11-block  2
    %%%%%:   11-block  3
    %%%%%:   11-block  4
    %%%%%:   11-block  5
        1:   11-block  6
        1:   11-block  7
        1:   11-block  8
        1:   11-block  9
        1:   11-block 10
        1:   11-block 11
        1:   11-block 12
        2:   12:    vector<bool> vacio;
        1:   12-block  0
    %%%%%:   12-block  1
        7:   13:    toroide t = { vacio, vacio, vacio, vacio, vacio };
        1:   13-block  0
        1:   13-block  1
        1:   13-block  2
        1:   13-block  3
        1:   13-block  4
        1:   13-block  5
        6:   13-block  6
        5:   13-block  7
    %%%%%:   13-block  8
    %%%%%:   13-block  9
    %%%%%:   13-block 10
    %%%%%:   13-block 11
    %%%%%:   13-block 12
        1:   14:    EXPECT_FALSE(toroideValido(t));
        1:   14-block  0
        1:   14-block  1
        1:   14-block  2
    $$$$$:   14-block  3
    $$$$$:   14-block  4
    $$$$$:   14-block  5
    $$$$$:   14-block  6
    $$$$$:   14-block  7
        1:   14-block  8
    %%%%%:   14-block  9
    %%%%%:   14-block 10
    %%%%%:   14-block 11
    %%%%%:   14-block 12
    %%%%%:   14-block 13
    %%%%%:   14-block 14
        1:   15:}
    %%%%%:   15-block  0
        -:   16:
        8:   17:TEST(toroideValidoTEST, diagonalTresPorTres) {
        1:   17-block  0
        1:   17-block  1
        1:   17-block  2
    %%%%%:   17-block  3
    %%%%%:   17-block  4
    %%%%%:   17-block  5
        1:   17-block  6
        1:   17-block  7
        1:   17-block  8
        1:   17-block  9
        1:   17-block 10
        1:   17-block 11
        1:   17-block 12
        -:   18:    toroide t = { {true, false, false},
        -:   19:                  {false, true, false},
        -:   20:                  {false, false, true}
        5:   21:    };
        1:   21-block  0
        1:   21-block  1
        1:   21-block  2
        1:   21-block  3
        1:   21-block  4
        4:   21-block  5
        3:   21-block  6
        1:   21-block  7
    %%%%%:   21-block  8
    %%%%%:   21-block  9
    %%%%%:   21-block 10
    %%%%%:   21-block 11
    %%%%%:   21-block 12
    %%%%%:   21-block 13
    %%%%%:   21-block 14
    %%%%%:   21-block 15
        1:   22:    EXPECT_TRUE(toroideValido(t));
        1:   22-block  0
        1:   22-block  1
    $$$$$:   22-block  2
    $$$$$:   22-block  3
    $$$$$:   22-block  4
    $$$$$:   22-block  5
    $$$$$:   22-block  6
        1:   22-block  7
    %%%%%:   22-block  8
    %%%%%:   22-block  9
    %%%%%:   22-block 10
    %%%%%:   22-block 11
    %%%%%:   22-block 12
    %%%%%:   22-block 13
        1:   23:}
    %%%%%:   23-block  0
        -:   24:
        8:   25:TEST(toroideValidoTEST, toroideSinSuficienteSuperficie) {
        1:   25-block  0
        1:   25-block  1
        1:   25-block  2
    %%%%%:   25-block  3
    %%%%%:   25-block  4
    %%%%%:   25-block  5
        1:   25-block  6
        1:   25-block  7
        1:   25-block  8
        1:   25-block  9
        1:   25-block 10
        1:   25-block 11
        1:   25-block 12
        -:   26:    toroide t = {{false, true, false, true },
        4:   27:                 {false, false, true, false}};
        1:   27-block  0
        1:   27-block  1
        1:   27-block  2
        1:   27-block  3
        3:   27-block  4
        2:   27-block  5
        1:   27-block  6
    %%%%%:   27-block  7
    %%%%%:   27-block  8
    %%%%%:   27-block  9
    %%%%%:   27-block 10
    %%%%%:   27-block 11
    %%%%%:   27-block 12
    %%%%%:   27-block 13
        1:   28:    EXPECT_FALSE(toroideValido(t));
        1:   28-block  0
        1:   28-block  1
    $$$$$:   28-block  2
    $$$$$:   28-block  3
    $$$$$:   28-block  4
    $$$$$:   28-block  5
    $$$$$:   28-block  6
        1:   28-block  7
    %%%%%:   28-block  8
    %%%%%:   28-block  9
    %%%%%:   28-block 10
    %%%%%:   28-block 11
    %%%%%:   28-block 12
    %%%%%:   28-block 13
        1:   29:}
    %%%%%:   29-block  0
        -:   30:
        8:   31:TEST(toroideValidoTEST, toroideDesparejo) {
        1:   31-block  0
        1:   31-block  1
        1:   31-block  2
    %%%%%:   31-block  3
    %%%%%:   31-block  4
    %%%%%:   31-block  5
        1:   31-block  6
        1:   31-block  7
        1:   31-block  8
        1:   31-block  9
        1:   31-block 10
        1:   31-block 11
        1:   31-block 12
        -:   32:    toroide t = {{false, true, false, false, true},
        -:   33:                 {false, false, true},
        -:   34:                 {},
        6:   35:                 {true, false, true}};
        1:   35-block  0
        1:   35-block  1
        1:   35-block  2
        1:   35-block  3
        1:   35-block  4
        5:   35-block  5
        4:   35-block  6
        1:   35-block  7
    %%%%%:   35-block  8
    %%%%%:   35-block  9
    %%%%%:   35-block 10
    %%%%%:   35-block 11
    %%%%%:   35-block 12
    %%%%%:   35-block 13
    %%%%%:   35-block 14
    %%%%%:   35-block 15
        1:   36:    EXPECT_FALSE(toroideValido(t));
        1:   36-block  0
        1:   36-block  1
    $$$$$:   36-block  2
    $$$$$:   36-block  3
    $$$$$:   36-block  4
    $$$$$:   36-block  5
    $$$$$:   36-block  6
        1:   36-block  7
    %%%%%:   36-block  8
    %%%%%:   36-block  9
    %%%%%:   36-block 10
    %%%%%:   36-block 11
    %%%%%:   36-block 12
    %%%%%:   36-block 13
        5:   37:}
        1:   37-block  0
        1:   37-block  1
        1:   37-block  2
        1:   37-block  3
        1:   37-block  4
        1:   37-block  5
    %%%%%:   37-block  6
