        -:    0:Source:C:/Users/maria/Desktop/Taller/Algoritmos I/TPImplementacion/tests/EJ04_evolucionDePosicionTEST.cpp
        -:    0:Graph:C:\Users\maria\Desktop\Taller\Algoritmos I\TPImplementacion\cmake-build-debug\CMakeFiles\juegoDeLaVida.dir\tests\EJ04_evolucionDePosicionTEST.gcno
        -:    0:Data:C:\Users\maria\Desktop\Taller\Algoritmos I\TPImplementacion\cmake-build-debug\CMakeFiles\juegoDeLaVida.dir\tests\EJ04_evolucionDePosicionTEST.gcda
        -:    0:Runs:1
        -:    0:Programs:1
        -:    1:#include "../ejercicios.h"
        -:    2:#include "gtest/gtest.h"
        -:    3:
        -:    4:using namespace std;
        -:    5:
        8:    6:TEST(evolucionDePosicionTEST, toroideDiagonalTresPorTres){
        1:    6-block  0
        1:    6-block  1
        1:    6-block  2
    %%%%%:    6-block  3
    %%%%%:    6-block  4
    %%%%%:    6-block  5
        1:    6-block  6
        1:    6-block  7
        1:    6-block  8
        1:    6-block  9
        1:    6-block 10
        1:    6-block 11
        1:    6-block 12
        -:    7:    toroide t = { {true, false, false},
        -:    8:                  {false, true, false},
        5:    9:                  {false, false, true}};
        1:    9-block  0
        1:    9-block  1
        1:    9-block  2
        1:    9-block  3
        1:    9-block  4
        4:    9-block  5
        3:    9-block  6
        1:    9-block  7
    %%%%%:    9-block  8
    %%%%%:    9-block  9
    %%%%%:    9-block 10
    %%%%%:    9-block 11
    %%%%%:    9-block 12
    %%%%%:    9-block 13
    %%%%%:    9-block 14
    %%%%%:    9-block 15
        1:   10:    EXPECT_TRUE(evolucionDePosicion(t, make_pair(1,1)));
        1:   10-block  0
        1:   10-block  1
    $$$$$:   10-block  2
    $$$$$:   10-block  3
    $$$$$:   10-block  4
    $$$$$:   10-block  5
    $$$$$:   10-block  6
        1:   10-block  7
    %%%%%:   10-block  8
    %%%%%:   10-block  9
    %%%%%:   10-block 10
    %%%%%:   10-block 11
    %%%%%:   10-block 12
    %%%%%:   10-block 13
    %%%%%:   10-block 14
    %%%%%:   10-block 15
        1:   11:}
    %%%%%:   11-block  0
        -:   12:
        8:   13:TEST(evolucionDePosicionTEST, NoRevivePorCincoVecinosVivos){
        1:   13-block  0
        1:   13-block  1
        1:   13-block  2
    %%%%%:   13-block  3
    %%%%%:   13-block  4
    %%%%%:   13-block  5
        1:   13-block  6
        1:   13-block  7
        1:   13-block  8
        1:   13-block  9
        1:   13-block 10
        1:   13-block 11
        1:   13-block 12
        -:   14:    toroide t = { {false, true, true},
        -:   15:                  {false, true, false},
        5:   16:                  {false, true, true}};
        1:   16-block  0
        1:   16-block  1
        1:   16-block  2
        1:   16-block  3
        1:   16-block  4
        4:   16-block  5
        3:   16-block  6
        1:   16-block  7
    %%%%%:   16-block  8
    %%%%%:   16-block  9
    %%%%%:   16-block 10
    %%%%%:   16-block 11
    %%%%%:   16-block 12
    %%%%%:   16-block 13
    %%%%%:   16-block 14
    %%%%%:   16-block 15
        1:   17:    EXPECT_FALSE(evolucionDePosicion(t, make_pair(1,0)));
        1:   17-block  0
        1:   17-block  1
    $$$$$:   17-block  2
    $$$$$:   17-block  3
    $$$$$:   17-block  4
    $$$$$:   17-block  5
    $$$$$:   17-block  6
        1:   17-block  7
    %%%%%:   17-block  8
    %%%%%:   17-block  9
    %%%%%:   17-block 10
    %%%%%:   17-block 11
    %%%%%:   17-block 12
    %%%%%:   17-block 13
    %%%%%:   17-block 14
    %%%%%:   17-block 15
        1:   18:}
    %%%%%:   18-block  0
        -:   19:
        8:   20:TEST(evolucionDePosicionTEST, NovivePorqueEstaSolinSolito){
        1:   20-block  0
        1:   20-block  1
        1:   20-block  2
    %%%%%:   20-block  3
    %%%%%:   20-block  4
    %%%%%:   20-block  5
        1:   20-block  6
        1:   20-block  7
        1:   20-block  8
        1:   20-block  9
        1:   20-block 10
        1:   20-block 11
        1:   20-block 12
        -:   21:    toroide t = { {false, false, false},
        -:   22:                  {false, true,  false},
        5:   23:                  {false, false, false}};
        1:   23-block  0
        1:   23-block  1
        1:   23-block  2
        1:   23-block  3
        1:   23-block  4
        4:   23-block  5
        3:   23-block  6
        1:   23-block  7
    %%%%%:   23-block  8
    %%%%%:   23-block  9
    %%%%%:   23-block 10
    %%%%%:   23-block 11
    %%%%%:   23-block 12
    %%%%%:   23-block 13
    %%%%%:   23-block 14
    %%%%%:   23-block 15
        1:   24:    EXPECT_FALSE(evolucionDePosicion(t, make_pair(1,1)));
        1:   24-block  0
        1:   24-block  1
    $$$$$:   24-block  2
    $$$$$:   24-block  3
    $$$$$:   24-block  4
    $$$$$:   24-block  5
    $$$$$:   24-block  6
        1:   24-block  7
    %%%%%:   24-block  8
    %%%%%:   24-block  9
    %%%%%:   24-block 10
    %%%%%:   24-block 11
    %%%%%:   24-block 12
    %%%%%:   24-block 13
    %%%%%:   24-block 14
    %%%%%:   24-block 15
        1:   25:}
    %%%%%:   25-block  0
        -:   26:
        8:   27:TEST(evolucionDePosicionTEST, naceEnEsquinaInferiorDerecha){
        1:   27-block  0
        1:   27-block  1
        1:   27-block  2
    %%%%%:   27-block  3
    %%%%%:   27-block  4
    %%%%%:   27-block  5
        1:   27-block  6
        1:   27-block  7
        1:   27-block  8
        1:   27-block  9
        1:   27-block 10
        1:   27-block 11
        1:   27-block 12
        -:   28:    toroide t = { {true,  false, false, true },
        -:   29:                  {false, false, false, false},
        -:   30:                  {false, false, false, false},
        6:   31:                  {true,  false, false, false}};
        1:   31-block  0
        1:   31-block  1
        1:   31-block  2
        1:   31-block  3
        1:   31-block  4
        1:   31-block  5
        5:   31-block  6
        4:   31-block  7
        1:   31-block  8
    %%%%%:   31-block  9
    %%%%%:   31-block 10
    %%%%%:   31-block 11
    %%%%%:   31-block 12
    %%%%%:   31-block 13
    %%%%%:   31-block 14
    %%%%%:   31-block 15
    %%%%%:   31-block 16
    %%%%%:   31-block 17
        1:   32:    EXPECT_TRUE(evolucionDePosicion(t, make_pair(3,3)));
        1:   32-block  0
        1:   32-block  1
    $$$$$:   32-block  2
    $$$$$:   32-block  3
    $$$$$:   32-block  4
    $$$$$:   32-block  5
    $$$$$:   32-block  6
        1:   32-block  7
    %%%%%:   32-block  8
    %%%%%:   32-block  9
    %%%%%:   32-block 10
    %%%%%:   32-block 11
    %%%%%:   32-block 12
    %%%%%:   32-block 13
    %%%%%:   32-block 14
    %%%%%:   32-block 15
        1:   33:    EXPECT_TRUE(evolucionDePosicion(t, make_pair(0,0)));
        1:   33-block  0
        1:   33-block  1
    $$$$$:   33-block  2
    $$$$$:   33-block  3
    $$$$$:   33-block  4
    $$$$$:   33-block  5
    $$$$$:   33-block  6
        1:   33-block  7
    %%%%%:   33-block  8
    %%%%%:   33-block  9
    %%%%%:   33-block 10
    %%%%%:   33-block 11
    %%%%%:   33-block 12
    %%%%%:   33-block 13
    %%%%%:   33-block 14
    %%%%%:   33-block 15
        5:   34:}
        1:   34-block  0
        1:   34-block  1
        1:   34-block  2
        1:   34-block  3
        1:   34-block  4
        1:   34-block  5
    %%%%%:   34-block  6
