        -:    0:Source:C:/Users/maria/Desktop/Taller/Algoritmos I/TPImplementacion/tests/EJ09_seleccionNaturalTEST.cpp
        -:    0:Graph:C:\Users\maria\Desktop\Taller\Algoritmos I\TPImplementacion\cmake-build-debug\CMakeFiles\juegoDeLaVida.dir\tests\EJ09_seleccionNaturalTEST.gcno
        -:    0:Data:C:\Users\maria\Desktop\Taller\Algoritmos I\TPImplementacion\cmake-build-debug\CMakeFiles\juegoDeLaVida.dir\tests\EJ09_seleccionNaturalTEST.gcda
        -:    0:Runs:1
        -:    0:Programs:1
        -:    1:#include "../ejercicios.h"
        -:    2:#include "gtest/gtest.h"
        -:    3:#include <algorithm>
        -:    4:
        -:    5:using namespace std;
        -:    6:
        -:    7:
        8:    8:TEST(seleccionNaturalTEST, toroideDiagonalVsUnoVivo){
        1:    8-block  0
        1:    8-block  1
        1:    8-block  2
    %%%%%:    8-block  3
    %%%%%:    8-block  4
    %%%%%:    8-block  5
        1:    8-block  6
        1:    8-block  7
        1:    8-block  8
        1:    8-block  9
        1:    8-block 10
        1:    8-block 11
        1:    8-block 12
        -:    9:    toroide t1 = { 
        -:   10:                  {true, false, false},
        -:   11:                  {false, true, false},
        5:   12:                  {false, false, true}}; 
        1:   12-block  0
        1:   12-block  1
        1:   12-block  2
        1:   12-block  3
        1:   12-block  4
        4:   12-block  5
        3:   12-block  6
        1:   12-block  7
    %%%%%:   12-block  8
    %%%%%:   12-block  9
    %%%%%:   12-block 10
    %%%%%:   12-block 11
    %%%%%:   12-block 12
    %%%%%:   12-block 13
    %%%%%:   12-block 14
    %%%%%:   12-block 15
    %%%%%:   12-block 16
        -:   13:    toroide t2 = { 
        -:   14:                  {false, false, false}, 
        -:   15:                  {false, false, false}, 
        -:   16:                  {false, true,  false},
        -:   17:                  {false, false, false}, 
        7:   18:                  {false, false, false}};
        1:   18-block  0
        1:   18-block  1
        1:   18-block  2
        1:   18-block  3
        1:   18-block  4
        1:   18-block  5
        6:   18-block  6
        5:   18-block  7
        1:   18-block  8
    %%%%%:   18-block  9
    %%%%%:   18-block 10
    %%%%%:   18-block 11
    %%%%%:   18-block 12
    %%%%%:   18-block 13
    %%%%%:   18-block 14
    %%%%%:   18-block 15
    %%%%%:   18-block 16
    %%%%%:   18-block 17
    %%%%%:   18-block 18
        2:   19:    vector<toroide> ts;
    %%%%%:   19-block  0
        1:   20:    ts.push_back(t1);
        1:   21:    ts.push_back(t2);
        1:   21-block  0
        1:   22:    ts.push_back(t2);
        1:   22-block  0
        1:   23:    int res = seleccionNatural(ts);
        1:   23-block  0
        1:   24:    EXPECT_EQ(res, 0);
        1:   24-block  0
        1:   24-block  1
    $$$$$:   24-block  2
    $$$$$:   24-block  3
    $$$$$:   24-block  4
    $$$$$:   24-block  5
    $$$$$:   24-block  6
        1:   24-block  7
    %%%%%:   24-block  8
    %%%%%:   24-block  9
    %%%%%:   24-block 10
    %%%%%:   24-block 11
    %%%%%:   24-block 12
        1:   25:}
    %%%%%:   25-block  0
        -:   26:
        -:   27:/*TEST(seleccionNaturalTEST, DiagonalVsHorizontal){
        -:   28:    toroide t1 = { 
        -:   29:                  {false, false, false, false, false}, 
        -:   30:                  {false, false, false, false, false}, 
        -:   31:                  {false, true, true, true, false},
        -:   32:                  {false, false, false, false, false}, 
        -:   33:                  {false, false,false, false, false} };
        -:   34:    toroide t2 = { 
        -:   35:                  {true, false, false},
        -:   36:                  {false, true, false},
        -:   37:                  {false, false, true}}; 
        -:   38:    vector<toroide> ts;
        -:   39:    ts.push_back(t2);
        -:   40:    ts.push_back(t1);
        -:   41:    ts.push_back(t2);
        -:   42:    int res = seleccionNatural(ts);
        -:   43:    EXPECT_EQ(res, 1);
        -:   44:}*/
        -:   45:
        8:   46:TEST(seleccionNaturalTEST, vivoMuertoYOtro) {
        1:   46-block  0
        1:   46-block  1
        1:   46-block  2
    %%%%%:   46-block  3
    %%%%%:   46-block  4
    %%%%%:   46-block  5
        1:   46-block  6
        1:   46-block  7
        1:   46-block  8
        1:   46-block  9
        1:   46-block 10
        1:   46-block 11
        1:   46-block 12
        -:   47:    toroide t1 = {
        -:   48:            {true, true, true},
        -:   49:            {true, true, true},
        5:   50:            {true, true, true}};
        1:   50-block  0
        1:   50-block  1
        1:   50-block  2
        1:   50-block  3
        1:   50-block  4
        4:   50-block  5
        3:   50-block  6
        1:   50-block  7
    %%%%%:   50-block  8
    %%%%%:   50-block  9
    %%%%%:   50-block 10
    %%%%%:   50-block 11
    %%%%%:   50-block 12
    %%%%%:   50-block 13
    %%%%%:   50-block 14
    %%%%%:   50-block 15
    %%%%%:   50-block 16
        -:   51:    toroide t2 = {
        -:   52:            {false, false, false},
        -:   53:            {false, false, false},
        5:   54:            {false, false, false}};
        1:   54-block  0
        1:   54-block  1
        1:   54-block  2
        1:   54-block  3
        4:   54-block  4
        3:   54-block  5
        1:   54-block  6
    %%%%%:   54-block  7
    %%%%%:   54-block  8
    %%%%%:   54-block  9
    %%%%%:   54-block 10
    %%%%%:   54-block 11
    %%%%%:   54-block 12
    %%%%%:   54-block 13
    %%%%%:   54-block 14
    %%%%%:   54-block 15
        -:   55:    toroide t3 = {
        -:   56:            {true,  false,  true},
        -:   57:            {false, true,  false},
        5:   58:            {false, false, false}};
        1:   58-block  0
        1:   58-block  1
        1:   58-block  2
        1:   58-block  3
        4:   58-block  4
        3:   58-block  5
        1:   58-block  6
    %%%%%:   58-block  7
    %%%%%:   58-block  8
    %%%%%:   58-block  9
    %%%%%:   58-block 10
    %%%%%:   58-block 11
    %%%%%:   58-block 12
    %%%%%:   58-block 13
    %%%%%:   58-block 14
        2:   59:    vector<toroide> ts;
    %%%%%:   59-block  0
        1:   60:    ts.push_back(t1);
        1:   61:    ts.push_back(t2);
        1:   61-block  0
        1:   62:    ts.push_back(t3);
        1:   62-block  0
        1:   63:    int res = seleccionNatural(ts);
        1:   63-block  0
        1:   64:    EXPECT_EQ(res, 2);
        1:   64-block  0
        1:   64-block  1
    $$$$$:   64-block  2
    $$$$$:   64-block  3
    $$$$$:   64-block  4
    $$$$$:   64-block  5
    $$$$$:   64-block  6
        1:   64-block  7
    %%%%%:   64-block  8
    %%%%%:   64-block  9
    %%%%%:   64-block 10
    %%%%%:   64-block 11
    %%%%%:   64-block 12
        5:   65:}
        1:   65-block  0
        1:   65-block  1
        1:   65-block  2
        1:   65-block  3
        1:   65-block  4
        1:   65-block  5
    %%%%%:   65-block  6
