        -:    0:Source:C:/Users/maria/Desktop/Taller/Algoritmos I/TPImplementacion/tests/EJ11_vistaTrasladadaTEST.cpp
        -:    0:Graph:C:\Users\maria\Desktop\Taller\Algoritmos I\TPImplementacion\cmake-build-debug\CMakeFiles\juegoDeLaVida.dir\tests\EJ11_vistaTrasladadaTEST.gcno
        -:    0:Data:C:\Users\maria\Desktop\Taller\Algoritmos I\TPImplementacion\cmake-build-debug\CMakeFiles\juegoDeLaVida.dir\tests\EJ11_vistaTrasladadaTEST.gcda
        -:    0:Runs:1
        -:    0:Programs:1
        -:    1:#include "../ejercicios.h"
        -:    2:#include "gtest/gtest.h"
        -:    3:#include <algorithm>
        -:    4:
        -:    5:using namespace std;
        -:    6:
        8:    7:TEST(vistaTrasladadaTEST, muevoTerceraFilaParaArriba){
        1:    7-block  0
        1:    7-block  1
        1:    7-block  2
    %%%%%:    7-block  3
    %%%%%:    7-block  4
    %%%%%:    7-block  5
        1:    7-block  6
        1:    7-block  7
        1:    7-block  8
        1:    7-block  9
        1:    7-block 10
        1:    7-block 11
        1:    7-block 12
        -:    8:    toroide t1 = { 
        -:    9:                  {true, false, false}, // 1
        -:   10:                  {false, true, false}, // 2
        5:   11:                  {false, false, true}};// 3
        1:   11-block  0
        1:   11-block  1
        1:   11-block  2
        1:   11-block  3
        1:   11-block  4
        4:   11-block  5
        3:   11-block  6
        1:   11-block  7
    %%%%%:   11-block  8
    %%%%%:   11-block  9
    %%%%%:   11-block 10
    %%%%%:   11-block 11
    %%%%%:   11-block 12
    %%%%%:   11-block 13
    %%%%%:   11-block 14
    %%%%%:   11-block 15
    %%%%%:   11-block 16
        -:   12:    toroide t2 = { 
        -:   13:                  {false, false, true}, // 3
        -:   14:                  {true, false, false}, // 1
        5:   15:                  {false, true, false}};// 2
        1:   15-block  0
        1:   15-block  1
        1:   15-block  2
        1:   15-block  3
        4:   15-block  4
        3:   15-block  5
        1:   15-block  6
    %%%%%:   15-block  7
    %%%%%:   15-block  8
    %%%%%:   15-block  9
    %%%%%:   15-block 10
    %%%%%:   15-block 11
    %%%%%:   15-block 12
    %%%%%:   15-block 13
    %%%%%:   15-block 14
        -:   16:
        1:   17:    bool res = vistaTrasladada(t1, t2);
        1:   18:    EXPECT_TRUE(res);
        1:   18-block  0
        1:   18-block  1
    $$$$$:   18-block  2
    $$$$$:   18-block  3
    $$$$$:   18-block  4
    $$$$$:   18-block  5
    $$$$$:   18-block  6
        1:   18-block  7
    %%%%%:   18-block  8
    %%%%%:   18-block  9
    %%%%%:   18-block 10
    %%%%%:   18-block 11
    %%%%%:   18-block 12
        1:   19:}
    %%%%%:   19-block  0
        -:   20:
        8:   21:TEST(vistaTrasladadaTEST, DiagonalVsTodoTrue){
        1:   21-block  0
        1:   21-block  1
        1:   21-block  2
    %%%%%:   21-block  3
    %%%%%:   21-block  4
    %%%%%:   21-block  5
        1:   21-block  6
        1:   21-block  7
        1:   21-block  8
        1:   21-block  9
        1:   21-block 10
        1:   21-block 11
        1:   21-block 12
        -:   22:    toroide t1 = { 
        -:   23:                  {true, false, false},
        -:   24:                  {false, true, false},
        5:   25:                  {false, false, true}}; 
        1:   25-block  0
        1:   25-block  1
        1:   25-block  2
        1:   25-block  3
        1:   25-block  4
        4:   25-block  5
        3:   25-block  6
        1:   25-block  7
    %%%%%:   25-block  8
    %%%%%:   25-block  9
    %%%%%:   25-block 10
    %%%%%:   25-block 11
    %%%%%:   25-block 12
    %%%%%:   25-block 13
    %%%%%:   25-block 14
    %%%%%:   25-block 15
    %%%%%:   25-block 16
        -:   26:    toroide t2 = { 
        -:   27:                  {true, true, true},
        -:   28:                  {true, true, true},
        5:   29:                  {true, true, true}}; 
        1:   29-block  0
        1:   29-block  1
        1:   29-block  2
        1:   29-block  3
        4:   29-block  4
        3:   29-block  5
        1:   29-block  6
    %%%%%:   29-block  7
    %%%%%:   29-block  8
    %%%%%:   29-block  9
    %%%%%:   29-block 10
    %%%%%:   29-block 11
    %%%%%:   29-block 12
    %%%%%:   29-block 13
    %%%%%:   29-block 14
        1:   30:    bool res = vistaTrasladada(t1, t2);
        1:   31:    EXPECT_FALSE(res);
        1:   31-block  0
        1:   31-block  1
    $$$$$:   31-block  2
    $$$$$:   31-block  3
    $$$$$:   31-block  4
    $$$$$:   31-block  5
    $$$$$:   31-block  6
        1:   31-block  7
    %%%%%:   31-block  8
    %%%%%:   31-block  9
    %%%%%:   31-block 10
    %%%%%:   31-block 11
    %%%%%:   31-block 12
    %%%%%:   31-block 13
        1:   32:}
    %%%%%:   32-block  0
        -:   33:
        8:   34:TEST(vistaTrasladadaTEST, unPuntoConToroidesDistintos){
        1:   34-block  0
        1:   34-block  1
        1:   34-block  2
    %%%%%:   34-block  3
    %%%%%:   34-block  4
    %%%%%:   34-block  5
        1:   34-block  6
        1:   34-block  7
        1:   34-block  8
        1:   34-block  9
        1:   34-block 10
        1:   34-block 11
        1:   34-block 12
        -:   35:    toroide t1 = {
        -:   36:            {true,  false, false, false},
        -:   37:            {false, false, false, false},
        5:   38:            {false, false, false, false}};
        1:   38-block  0
        1:   38-block  1
        1:   38-block  2
        1:   38-block  3
        1:   38-block  4
        4:   38-block  5
        3:   38-block  6
        1:   38-block  7
    %%%%%:   38-block  8
    %%%%%:   38-block  9
    %%%%%:   38-block 10
    %%%%%:   38-block 11
    %%%%%:   38-block 12
    %%%%%:   38-block 13
    %%%%%:   38-block 14
    %%%%%:   38-block 15
    %%%%%:   38-block 16
        -:   39:    toroide t2 = {
        -:   40:            {true,  false, false},
        -:   41:            {false, false, false},
        5:   42:            {false, false, false}};
        1:   42-block  0
        1:   42-block  1
        1:   42-block  2
        1:   42-block  3
        4:   42-block  4
        3:   42-block  5
        1:   42-block  6
    %%%%%:   42-block  7
    %%%%%:   42-block  8
    %%%%%:   42-block  9
    %%%%%:   42-block 10
    %%%%%:   42-block 11
    %%%%%:   42-block 12
    %%%%%:   42-block 13
    %%%%%:   42-block 14
        1:   43:    bool res = vistaTrasladada(t1, t2);
        1:   44:    EXPECT_FALSE(res);
        1:   44-block  0
        1:   44-block  1
    $$$$$:   44-block  2
    $$$$$:   44-block  3
    $$$$$:   44-block  4
    $$$$$:   44-block  5
    $$$$$:   44-block  6
        1:   44-block  7
    %%%%%:   44-block  8
    %%%%%:   44-block  9
    %%%%%:   44-block 10
    %%%%%:   44-block 11
    %%%%%:   44-block 12
    %%%%%:   44-block 13
        1:   45:}
    %%%%%:   45-block  0
        -:   46:
        8:   47:TEST(vistaTrasladadaTEST, unPuntoSolito){
        1:   47-block  0
        1:   47-block  1
        1:   47-block  2
    %%%%%:   47-block  3
    %%%%%:   47-block  4
    %%%%%:   47-block  5
        1:   47-block  6
        1:   47-block  7
        1:   47-block  8
        1:   47-block  9
        1:   47-block 10
        1:   47-block 11
        1:   47-block 12
        -:   48:    toroide t1 = {
        -:   49:            {true,  false, false, false},
        -:   50:            {false, false, false, false},
        -:   51:            {false, false, false, false},
        6:   52:            {false, false, false, false}};
        1:   52-block  0
        1:   52-block  1
        1:   52-block  2
        1:   52-block  3
        1:   52-block  4
        1:   52-block  5
        5:   52-block  6
        4:   52-block  7
        1:   52-block  8
    %%%%%:   52-block  9
    %%%%%:   52-block 10
    %%%%%:   52-block 11
    %%%%%:   52-block 12
    %%%%%:   52-block 13
    %%%%%:   52-block 14
    %%%%%:   52-block 15
    %%%%%:   52-block 16
    %%%%%:   52-block 17
    %%%%%:   52-block 18
        -:   53:    toroide t2 = {
        -:   54:            {false, false, false, false},
        -:   55:            {false, false, false, false},
        -:   56:            {false, false, false, false},
        6:   57:            {false, true,  false, false}};
        1:   57-block  0
        1:   57-block  1
        1:   57-block  2
        1:   57-block  3
        1:   57-block  4
        5:   57-block  5
        4:   57-block  6
        1:   57-block  7
    %%%%%:   57-block  8
    %%%%%:   57-block  9
    %%%%%:   57-block 10
    %%%%%:   57-block 11
    %%%%%:   57-block 12
    %%%%%:   57-block 13
    %%%%%:   57-block 14
    %%%%%:   57-block 15
    %%%%%:   57-block 16
        1:   58:    bool res = vistaTrasladada(t1, t2);
        1:   59:    EXPECT_TRUE(res);
        1:   59-block  0
        1:   59-block  1
    $$$$$:   59-block  2
    $$$$$:   59-block  3
    $$$$$:   59-block  4
    $$$$$:   59-block  5
    $$$$$:   59-block  6
        1:   59-block  7
    %%%%%:   59-block  8
    %%%%%:   59-block  9
    %%%%%:   59-block 10
    %%%%%:   59-block 11
    %%%%%:   59-block 12
        1:   60:}
    %%%%%:   60-block  0
        -:   61:
        8:   62:TEST(vistaTrasladadaTEST, toroidesIguales){
        1:   62-block  0
        1:   62-block  1
        1:   62-block  2
    %%%%%:   62-block  3
    %%%%%:   62-block  4
    %%%%%:   62-block  5
        1:   62-block  6
        1:   62-block  7
        1:   62-block  8
        1:   62-block  9
        1:   62-block 10
        1:   62-block 11
        1:   62-block 12
        -:   63:    toroide t1 = {
        -:   64:            {true,  false, true},
        -:   65:            {false, true, false},
        5:   66:            {false, true, false}};
        1:   66-block  0
        1:   66-block  1
        1:   66-block  2
        1:   66-block  3
        1:   66-block  4
        4:   66-block  5
        3:   66-block  6
        1:   66-block  7
    %%%%%:   66-block  8
    %%%%%:   66-block  9
    %%%%%:   66-block 10
    %%%%%:   66-block 11
    %%%%%:   66-block 12
    %%%%%:   66-block 13
    %%%%%:   66-block 14
    %%%%%:   66-block 15
    %%%%%:   66-block 16
        -:   67:    toroide t2 = {
        -:   68:            {true,  false, true},
        -:   69:            {false, true, false},
        5:   70:            {false, true, false}};
        1:   70-block  0
        1:   70-block  1
        1:   70-block  2
        1:   70-block  3
        4:   70-block  4
        3:   70-block  5
        1:   70-block  6
    %%%%%:   70-block  7
    %%%%%:   70-block  8
    %%%%%:   70-block  9
    %%%%%:   70-block 10
    %%%%%:   70-block 11
    %%%%%:   70-block 12
    %%%%%:   70-block 13
    %%%%%:   70-block 14
        1:   71:    bool res = vistaTrasladada(t1, t2);
        1:   72:    EXPECT_TRUE(res);
        1:   72-block  0
        1:   72-block  1
    $$$$$:   72-block  2
    $$$$$:   72-block  3
    $$$$$:   72-block  4
    $$$$$:   72-block  5
    $$$$$:   72-block  6
        1:   72-block  7
    %%%%%:   72-block  8
    %%%%%:   72-block  9
    %%%%%:   72-block 10
    %%%%%:   72-block 11
    %%%%%:   72-block 12
        5:   73:}
        1:   73-block  0
        1:   73-block  1
        1:   73-block  2
        1:   73-block  3
        1:   73-block  4
        1:   73-block  5
    %%%%%:   73-block  6
