        -:    0:Source:C:/Users/maria/Desktop/Taller/Algoritmos I/TPImplementacion/tests/EJ12_menorSuperficieVivaTEST.cpp
        -:    0:Graph:C:\Users\maria\Desktop\Taller\Algoritmos I\TPImplementacion\cmake-build-debug\CMakeFiles\juegoDeLaVida.dir\tests\EJ12_menorSuperficieVivaTEST.gcno
        -:    0:Data:C:\Users\maria\Desktop\Taller\Algoritmos I\TPImplementacion\cmake-build-debug\CMakeFiles\juegoDeLaVida.dir\tests\EJ12_menorSuperficieVivaTEST.gcda
        -:    0:Runs:1
        -:    0:Programs:1
        -:    1:#include "../ejercicios.h"
        -:    2:#include "gtest/gtest.h"
        -:    3:
        -:    4:using namespace std;
        -:    5:
        8:    6:TEST(menorSuperficieVivaTEST, enunciado){
        1:    6-block  0
        1:    6-block  1
        1:    6-block  2
    %%%%%:    6-block  3
    %%%%%:    6-block  4
    %%%%%:    6-block  5
        1:    6-block  6
        1:    6-block  7
        1:    6-block  8
        1:    6-block  9
        1:    6-block 10
        1:    6-block 11
        1:    6-block 12
        -:    7:    toroide t = {
        -:    8:            {true,  false, false, true },  // 1
        -:    9:            {false, false, false, false},  // 2
        -:   10:            {false, false, false, false},  // 3
        6:   11:            {true,  true,  false, false}}; // 4
        1:   11-block  0
        1:   11-block  1
        1:   11-block  2
        1:   11-block  3
        1:   11-block  4
        1:   11-block  5
        5:   11-block  6
        4:   11-block  7
        1:   11-block  8
    %%%%%:   11-block  9
    %%%%%:   11-block 10
    %%%%%:   11-block 11
    %%%%%:   11-block 12
    %%%%%:   11-block 13
    %%%%%:   11-block 14
    %%%%%:   11-block 15
    %%%%%:   11-block 16
    %%%%%:   11-block 17
        -:   12:
        1:   13:    int res = menorSuperficieViva(t);
        1:   14:    EXPECT_EQ(res, 6);
        1:   14-block  0
        1:   14-block  1
    $$$$$:   14-block  2
    $$$$$:   14-block  3
    $$$$$:   14-block  4
    $$$$$:   14-block  5
    $$$$$:   14-block  6
        1:   14-block  7
    %%%%%:   14-block  8
    %%%%%:   14-block  9
    %%%%%:   14-block 10
    %%%%%:   14-block 11
    %%%%%:   14-block 12
        1:   15:}
    %%%%%:   15-block  0
        -:   16:
        8:   17:TEST(menorSuperficieVivaTEST, unoSoloEnToroideAncho){
        1:   17-block  0
        1:   17-block  1
        1:   17-block  2
    %%%%%:   17-block  3
    %%%%%:   17-block  4
    %%%%%:   17-block  5
        1:   17-block  6
        1:   17-block  7
        1:   17-block  8
        1:   17-block  9
        1:   17-block 10
        1:   17-block 11
        1:   17-block 12
        -:   18:    toroide t = {
        -:   19:            {false, false, false, false, false, false, false, false},  // 1
        -:   20:            {false, false, false, false, false, false, false, false},  // 2
        5:   21:            {true,  false, false, false, false, false, false, false}}; // 3
        1:   21-block  0
        1:   21-block  1
        1:   21-block  2
        1:   21-block  3
        1:   21-block  4
        4:   21-block  5
        3:   21-block  6
        1:   21-block  7
    %%%%%:   21-block  8
    %%%%%:   21-block  9
    %%%%%:   21-block 10
    %%%%%:   21-block 11
    %%%%%:   21-block 12
    %%%%%:   21-block 13
    %%%%%:   21-block 14
    %%%%%:   21-block 15
        -:   22:
        1:   23:    int res = menorSuperficieViva(t);
        1:   24:    EXPECT_EQ(res, 1);
        1:   24-block  0
        1:   24-block  1
    $$$$$:   24-block  2
    $$$$$:   24-block  3
    $$$$$:   24-block  4
    $$$$$:   24-block  5
    $$$$$:   24-block  6
        1:   24-block  7
    %%%%%:   24-block  8
    %%%%%:   24-block  9
    %%%%%:   24-block 10
    %%%%%:   24-block 11
    %%%%%:   24-block 12
        1:   25:}
    %%%%%:   25-block  0
        -:   26:
        8:   27:TEST(menorSuperficieVivaTEST, toroideLleno){
        1:   27-block  0
        1:   27-block  1
        1:   27-block  2
    %%%%%:   27-block  3
    %%%%%:   27-block  4
    %%%%%:   27-block  5
        1:   27-block  6
        1:   27-block  7
        1:   27-block  8
        1:   27-block  9
        1:   27-block 10
        1:   27-block 11
        1:   27-block 12
        -:   28:    toroide t = {
        -:   29:            {true, true, true, true},  // 1
        -:   30:            {true, true, true, true},  // 2
        -:   31:            {true, true, true, true},  // 3
        6:   32:            {true, true, true, true}}; // 4
        1:   32-block  0
        1:   32-block  1
        1:   32-block  2
        1:   32-block  3
        1:   32-block  4
        1:   32-block  5
        5:   32-block  6
        4:   32-block  7
        1:   32-block  8
    %%%%%:   32-block  9
    %%%%%:   32-block 10
    %%%%%:   32-block 11
    %%%%%:   32-block 12
    %%%%%:   32-block 13
    %%%%%:   32-block 14
    %%%%%:   32-block 15
    %%%%%:   32-block 16
    %%%%%:   32-block 17
        -:   33:
        1:   34:    int res = menorSuperficieViva(t);
        1:   35:    EXPECT_EQ(res, 16);
        1:   35-block  0
        1:   35-block  1
    $$$$$:   35-block  2
    $$$$$:   35-block  3
    $$$$$:   35-block  4
    $$$$$:   35-block  5
    $$$$$:   35-block  6
        1:   35-block  7
    %%%%%:   35-block  8
    %%%%%:   35-block  9
    %%%%%:   35-block 10
    %%%%%:   35-block 11
    %%%%%:   35-block 12
        1:   36:}
    %%%%%:   36-block  0
        -:   37:
        8:   38:TEST(menorSuperficieVivaTEST, toroideAlto){
        1:   38-block  0
        1:   38-block  1
        1:   38-block  2
    %%%%%:   38-block  3
    %%%%%:   38-block  4
    %%%%%:   38-block  5
        1:   38-block  6
        1:   38-block  7
        1:   38-block  8
        1:   38-block  9
        1:   38-block 10
        1:   38-block 11
        1:   38-block 12
        -:   39:    toroide t = {
        -:   40:            {false, false, true, false},  // 1
        -:   41:            {false, false, true, false},  // 2
        -:   42:            {false, false, true, false},  // 3
        -:   43:            {false, false, true, false},  // 4
        -:   44:            {false, false, true, false},  // 5
        -:   45:            {false, false, true, false},  // 6
        -:   46:            {false, false, true, false},  // 7
        -:   47:            {false, false, true, false},  // 8
       11:   48:            {false, false, true, false}}; // 9
        1:   48-block  0
        1:   48-block  1
        1:   48-block  2
        1:   48-block  3
        1:   48-block  4
        1:   48-block  5
        1:   48-block  6
        1:   48-block  7
        1:   48-block  8
        1:   48-block  9
        1:   48-block 10
       10:   48-block 11
        9:   48-block 12
        1:   48-block 13
    %%%%%:   48-block 14
    %%%%%:   48-block 15
    %%%%%:   48-block 16
    %%%%%:   48-block 17
    %%%%%:   48-block 18
    %%%%%:   48-block 19
    %%%%%:   48-block 20
    %%%%%:   48-block 21
    %%%%%:   48-block 22
    %%%%%:   48-block 23
    %%%%%:   48-block 24
    %%%%%:   48-block 25
    %%%%%:   48-block 26
    %%%%%:   48-block 27
        -:   49:
        1:   50:    int res = menorSuperficieViva(t);
        1:   51:    EXPECT_EQ(res, 9);
        1:   51-block  0
        1:   51-block  1
    $$$$$:   51-block  2
    $$$$$:   51-block  3
    $$$$$:   51-block  4
    $$$$$:   51-block  5
    $$$$$:   51-block  6
        1:   51-block  7
    %%%%%:   51-block  8
    %%%%%:   51-block  9
    %%%%%:   51-block 10
    %%%%%:   51-block 11
    %%%%%:   51-block 12
        1:   52:}
    %%%%%:   52-block  0
        -:   53:
        8:   54:TEST(menorSuperficieVivaTEST, toroideIntercalado){
        1:   54-block  0
        1:   54-block  1
        1:   54-block  2
    %%%%%:   54-block  3
    %%%%%:   54-block  4
    %%%%%:   54-block  5
        1:   54-block  6
        1:   54-block  7
        1:   54-block  8
        1:   54-block  9
        1:   54-block 10
        1:   54-block 11
        1:   54-block 12
        -:   55:    toroide t = {
        -:   56:            {false, true,  false, true, false},  // 1
        -:   57:            {true,  false, true,  false, true},  // 2
        -:   58:            {false, true,  false, true, false},  // 3
        -:   59:            {true,  false, true,  false, true},  // 4
        7:   60:            {false, true,  false, true, false}}; // 5
        1:   60-block  0
        1:   60-block  1
        1:   60-block  2
        1:   60-block  3
        1:   60-block  4
        1:   60-block  5
        1:   60-block  6
        6:   60-block  7
        5:   60-block  8
        1:   60-block  9
    %%%%%:   60-block 10
    %%%%%:   60-block 11
    %%%%%:   60-block 12
    %%%%%:   60-block 13
    %%%%%:   60-block 14
    %%%%%:   60-block 15
    %%%%%:   60-block 16
    %%%%%:   60-block 17
    %%%%%:   60-block 18
    %%%%%:   60-block 19
        -:   61:
        1:   62:    int res = menorSuperficieViva(t);
        1:   63:    EXPECT_EQ(res, 25);
        1:   63-block  0
        1:   63-block  1
    $$$$$:   63-block  2
    $$$$$:   63-block  3
    $$$$$:   63-block  4
    $$$$$:   63-block  5
    $$$$$:   63-block  6
        1:   63-block  7
    %%%%%:   63-block  8
    %%%%%:   63-block  9
    %%%%%:   63-block 10
    %%%%%:   63-block 11
    %%%%%:   63-block 12
        1:   64:}
    %%%%%:   64-block  0
        -:   65:
        8:   66:TEST(menorSuperficieVivaTEST, toroideMuerto){
        1:   66-block  0
        1:   66-block  1
        1:   66-block  2
    %%%%%:   66-block  3
    %%%%%:   66-block  4
    %%%%%:   66-block  5
        1:   66-block  6
        1:   66-block  7
        1:   66-block  8
        1:   66-block  9
        1:   66-block 10
        1:   66-block 11
        1:   66-block 12
        -:   67:    toroide t = {
        -:   68:            {false, false, false, false},  // 1
        -:   69:            {false, false, false, false},  // 2
        5:   70:            {false, false, false, false}}; // 3
        1:   70-block  0
        1:   70-block  1
        1:   70-block  2
        1:   70-block  3
        1:   70-block  4
        4:   70-block  5
        3:   70-block  6
        1:   70-block  7
    %%%%%:   70-block  8
    %%%%%:   70-block  9
    %%%%%:   70-block 10
    %%%%%:   70-block 11
    %%%%%:   70-block 12
    %%%%%:   70-block 13
    %%%%%:   70-block 14
    %%%%%:   70-block 15
        -:   71:
        1:   72:    EXPECT_EQ(menorSuperficieViva(t), 0);
        1:   72-block  0
        1:   72-block  1
    $$$$$:   72-block  2
    $$$$$:   72-block  3
    $$$$$:   72-block  4
    $$$$$:   72-block  5
    $$$$$:   72-block  6
        1:   72-block  7
    %%%%%:   72-block  8
    %%%%%:   72-block  9
    %%%%%:   72-block 10
    %%%%%:   72-block 11
    %%%%%:   72-block 12
    %%%%%:   72-block 13
        5:   73:}
        1:   73-block  0
        1:   73-block  1
        1:   73-block  2
        1:   73-block  3
        1:   73-block  4
        1:   73-block  5
    %%%%%:   73-block  6
